0 info it worked if it ends with ok
1 verbose cli [ '/home/vagrant/.nvm/versions/node/v6.9.5/bin/node',
1 verbose cli   '/home/vagrant/.nvm/versions/node/v6.9.5/bin/npm',
1 verbose cli   'install',
1 verbose cli   'osxkeychain',
1 verbose cli   'helper' ]
2 info using npm@3.10.10
3 info using node@v6.9.5
4 silly loadCurrentTree Starting
5 silly install loadCurrentTree
6 silly install readLocalPackageData
7 silly fetchPackageMetaData osxkeychain
8 silly fetchPackageMetaData helper
9 silly fetchNamedPackageData osxkeychain
10 silly mapToRegistry name osxkeychain
11 silly mapToRegistry using default registry
12 silly mapToRegistry registry https://registry.npmjs.org/
13 silly mapToRegistry data Result {
13 silly mapToRegistry   raw: 'osxkeychain',
13 silly mapToRegistry   scope: null,
13 silly mapToRegistry   escapedName: 'osxkeychain',
13 silly mapToRegistry   name: 'osxkeychain',
13 silly mapToRegistry   rawSpec: '',
13 silly mapToRegistry   spec: 'latest',
13 silly mapToRegistry   type: 'tag' }
14 silly mapToRegistry uri https://registry.npmjs.org/osxkeychain
15 silly fetchNamedPackageData helper
16 silly mapToRegistry name helper
17 silly mapToRegistry using default registry
18 silly mapToRegistry registry https://registry.npmjs.org/
19 silly mapToRegistry data Result {
19 silly mapToRegistry   raw: 'helper',
19 silly mapToRegistry   scope: null,
19 silly mapToRegistry   escapedName: 'helper',
19 silly mapToRegistry   name: 'helper',
19 silly mapToRegistry   rawSpec: '',
19 silly mapToRegistry   spec: 'latest',
19 silly mapToRegistry   type: 'tag' }
20 silly mapToRegistry uri https://registry.npmjs.org/helper
21 verbose request uri https://registry.npmjs.org/osxkeychain
22 verbose request no auth needed
23 info attempt registry request try #1 at 6:29:08 PM
24 verbose request id c618740f9b763993
25 http request GET https://registry.npmjs.org/osxkeychain
26 verbose request uri https://registry.npmjs.org/helper
27 verbose request no auth needed
28 info attempt registry request try #1 at 6:29:08 PM
29 http request GET https://registry.npmjs.org/helper
30 http 200 https://registry.npmjs.org/helper
31 verbose headers { server: 'nginx/1.10.3',
31 verbose headers   'content-type': 'application/json',
31 verbose headers   'last-modified': 'Sat, 18 May 2013 16:35:56 GMT',
31 verbose headers   etag: 'W/"5197adec-3e69"',
31 verbose headers   'content-encoding': 'gzip',
31 verbose headers   'cache-control': 'max-age=300',
31 verbose headers   'content-length': '1832',
31 verbose headers   'accept-ranges': 'bytes',
31 verbose headers   date: 'Fri, 21 Jul 2017 18:29:10 GMT',
31 verbose headers   via: '1.1 varnish',
31 verbose headers   age: '0',
31 verbose headers   connection: 'keep-alive',
31 verbose headers   'x-served-by': 'cache-sea1024-SEA',
31 verbose headers   'x-cache': 'MISS',
31 verbose headers   'x-cache-hits': '0',
31 verbose headers   'x-timer': 'S1500661750.320304,VS0,VE22',
31 verbose headers   vary: 'Accept-Encoding, Accept' }
32 silly get cb [ 200,
32 silly get   { server: 'nginx/1.10.3',
32 silly get     'content-type': 'application/json',
32 silly get     'last-modified': 'Sat, 18 May 2013 16:35:56 GMT',
32 silly get     etag: 'W/"5197adec-3e69"',
32 silly get     'content-encoding': 'gzip',
32 silly get     'cache-control': 'max-age=300',
32 silly get     'content-length': '1832',
32 silly get     'accept-ranges': 'bytes',
32 silly get     date: 'Fri, 21 Jul 2017 18:29:10 GMT',
32 silly get     via: '1.1 varnish',
32 silly get     age: '0',
32 silly get     connection: 'keep-alive',
32 silly get     'x-served-by': 'cache-sea1024-SEA',
32 silly get     'x-cache': 'MISS',
32 silly get     'x-cache-hits': '0',
32 silly get     'x-timer': 'S1500661750.320304,VS0,VE22',
32 silly get     vary: 'Accept-Encoding, Accept' } ]
33 verbose get saving helper to /home/vagrant/.npm/registry.npmjs.org/helper/.cache.json
34 verbose correctMkdir /home/vagrant/.npm correctMkdir not in flight; initializing
35 http 404 https://registry.npmjs.org/osxkeychain
36 verbose headers { 'content-type': 'application/json',
36 verbose headers   'cache-control': 'max-age=0',
36 verbose headers   'content-length': '2',
36 verbose headers   'accept-ranges': 'bytes',
36 verbose headers   date: 'Fri, 21 Jul 2017 18:29:10 GMT',
36 verbose headers   via: '1.1 varnish',
36 verbose headers   age: '0',
36 verbose headers   connection: 'keep-alive',
36 verbose headers   'x-served-by': 'cache-sea1044-SEA',
36 verbose headers   'x-cache': 'MISS',
36 verbose headers   'x-cache-hits': '0',
36 verbose headers   'x-timer': 'S1500661750.320407,VS0,VE100',
36 verbose headers   vary: 'Accept-Encoding' }
37 silly get cb [ 404,
37 silly get   { 'content-type': 'application/json',
37 silly get     'cache-control': 'max-age=0',
37 silly get     'content-length': '2',
37 silly get     'accept-ranges': 'bytes',
37 silly get     date: 'Fri, 21 Jul 2017 18:29:10 GMT',
37 silly get     via: '1.1 varnish',
37 silly get     age: '0',
37 silly get     connection: 'keep-alive',
37 silly get     'x-served-by': 'cache-sea1044-SEA',
37 silly get     'x-cache': 'MISS',
37 silly get     'x-cache-hits': '0',
37 silly get     'x-timer': 'S1500661750.320407,VS0,VE100',
37 silly get     vary: 'Accept-Encoding' } ]
38 silly fetchPackageMetaData Error: Registry returned 404 for GET on https://registry.npmjs.org/osxkeychain
38 silly fetchPackageMetaData     at makeError (/home/vagrant/.nvm/versions/node/v6.9.5/lib/node_modules/npm/node_modules/npm-registry-client/lib/request.js:302:12)
38 silly fetchPackageMetaData     at CachingRegistryClient.<anonymous> (/home/vagrant/.nvm/versions/node/v6.9.5/lib/node_modules/npm/node_modules/npm-registry-client/lib/request.js:280:14)
38 silly fetchPackageMetaData     at Request._callback (/home/vagrant/.nvm/versions/node/v6.9.5/lib/node_modules/npm/node_modules/npm-registry-client/lib/request.js:210:14)
38 silly fetchPackageMetaData     at Request.self.callback (/home/vagrant/.nvm/versions/node/v6.9.5/lib/node_modules/npm/node_modules/request/request.js:187:22)
38 silly fetchPackageMetaData     at emitTwo (events.js:106:13)
38 silly fetchPackageMetaData     at Request.emit (events.js:191:7)
38 silly fetchPackageMetaData     at Request.<anonymous> (/home/vagrant/.nvm/versions/node/v6.9.5/lib/node_modules/npm/node_modules/request/request.js:1048:10)
38 silly fetchPackageMetaData     at emitOne (events.js:96:13)
38 silly fetchPackageMetaData     at Request.emit (events.js:188:7)
38 silly fetchPackageMetaData     at IncomingMessage.<anonymous> (/home/vagrant/.nvm/versions/node/v6.9.5/lib/node_modules/npm/node_modules/request/request.js:969:12)
38 silly fetchPackageMetaData  error for osxkeychain { Error: Registry returned 404 for GET on https://registry.npmjs.org/osxkeychain
38 silly fetchPackageMetaData     at makeError (/home/vagrant/.nvm/versions/node/v6.9.5/lib/node_modules/npm/node_modules/npm-registry-client/lib/request.js:302:12)
38 silly fetchPackageMetaData     at CachingRegistryClient.<anonymous> (/home/vagrant/.nvm/versions/node/v6.9.5/lib/node_modules/npm/node_modules/npm-registry-client/lib/request.js:280:14)
38 silly fetchPackageMetaData     at Request._callback (/home/vagrant/.nvm/versions/node/v6.9.5/lib/node_modules/npm/node_modules/npm-registry-client/lib/request.js:210:14)
38 silly fetchPackageMetaData     at Request.self.callback (/home/vagrant/.nvm/versions/node/v6.9.5/lib/node_modules/npm/node_modules/request/request.js:187:22)
38 silly fetchPackageMetaData     at emitTwo (events.js:106:13)
38 silly fetchPackageMetaData     at Request.emit (events.js:191:7)
38 silly fetchPackageMetaData     at Request.<anonymous> (/home/vagrant/.nvm/versions/node/v6.9.5/lib/node_modules/npm/node_modules/request/request.js:1048:10)
38 silly fetchPackageMetaData     at emitOne (events.js:96:13)
38 silly fetchPackageMetaData     at Request.emit (events.js:188:7)
38 silly fetchPackageMetaData     at IncomingMessage.<anonymous> (/home/vagrant/.nvm/versions/node/v6.9.5/lib/node_modules/npm/node_modules/request/request.js:969:12) pkgid: 'osxkeychain', statusCode: 404, code: 'E404' }
39 silly rollbackFailedOptional Starting
40 silly rollbackFailedOptional Finishing
41 silly runTopLevelLifecycles Finishing
42 silly install printInstalled
43 verbose stack Error: Registry returned 404 for GET on https://registry.npmjs.org/osxkeychain
43 verbose stack     at makeError (/home/vagrant/.nvm/versions/node/v6.9.5/lib/node_modules/npm/node_modules/npm-registry-client/lib/request.js:302:12)
43 verbose stack     at CachingRegistryClient.<anonymous> (/home/vagrant/.nvm/versions/node/v6.9.5/lib/node_modules/npm/node_modules/npm-registry-client/lib/request.js:280:14)
43 verbose stack     at Request._callback (/home/vagrant/.nvm/versions/node/v6.9.5/lib/node_modules/npm/node_modules/npm-registry-client/lib/request.js:210:14)
43 verbose stack     at Request.self.callback (/home/vagrant/.nvm/versions/node/v6.9.5/lib/node_modules/npm/node_modules/request/request.js:187:22)
43 verbose stack     at emitTwo (events.js:106:13)
43 verbose stack     at Request.emit (events.js:191:7)
43 verbose stack     at Request.<anonymous> (/home/vagrant/.nvm/versions/node/v6.9.5/lib/node_modules/npm/node_modules/request/request.js:1048:10)
43 verbose stack     at emitOne (events.js:96:13)
43 verbose stack     at Request.emit (events.js:188:7)
43 verbose stack     at IncomingMessage.<anonymous> (/home/vagrant/.nvm/versions/node/v6.9.5/lib/node_modules/npm/node_modules/request/request.js:969:12)
44 verbose statusCode 404
45 verbose pkgid osxkeychain
46 verbose cwd /vagrant/lighthouse-html-css
47 error Linux 4.4.0-21-generic
48 error argv "/home/vagrant/.nvm/versions/node/v6.9.5/bin/node" "/home/vagrant/.nvm/versions/node/v6.9.5/bin/npm" "install" "osxkeychain" "helper"
49 error node v6.9.5
50 error npm  v3.10.10
51 error code E404
52 error 404 Registry returned 404 for GET on https://registry.npmjs.org/osxkeychain
53 error 404
54 error 404 'osxkeychain' is not in the npm registry.
55 error 404 You should bug the author to publish it (or use the name yourself!)
56 error 404 Note that you can also install from a
57 error 404 tarball, folder, http url, or git url.
58 verbose exit [ 1, true ]
